{
  "0 debug pnpm:scope": {
    "selected": 1
  },
  "1 info pnpm": {
    "err": {
      "name": "Error",
      "message": "Command failed with ENOENT: --import pnpm-lock.yaml\nspawn --import ENOENT",
      "code": "ENOENT",
      "stack": "Error: Command failed with ENOENT: --import pnpm-lock.yaml\nspawn --import ENOENT\n    at Process.ChildProcess._handle.onexit (node:internal/child_process:282:19)\n    at onErrorNT (node:internal/child_process:480:16)\n    at processTicksAndRejections (node:internal/process/task_queues:83:21)"
    }
  },
  "2 error pnpm": {
    "errno": -2,
    "code": "ERR_PNPM_RECURSIVE_EXEC_FIRST_FAIL",
    "syscall": "spawn --import",
    "path": "--import",
    "spawnargs": [
      "pnpm-lock.yaml"
    ],
    "originalMessage": "spawn --import ENOENT",
    "shortMessage": "Command failed with ENOENT: --import pnpm-lock.yaml\nspawn --import ENOENT",
    "command": "--import pnpm-lock.yaml",
    "escapedCommand": "--import pnpm-lock.yaml",
    "failed": true,
    "timedOut": false,
    "isCanceled": false,
    "killed": false,
    "prefix": "/home/bit/workspaces/toid",
    "err": {
      "name": "Error",
      "message": "Command failed with ENOENT: --import pnpm-lock.yaml\nspawn --import ENOENT",
      "code": "ERR_PNPM_RECURSIVE_EXEC_FIRST_FAIL",
      "stack": "Error: Command failed with ENOENT: --import pnpm-lock.yaml\nspawn --import ENOENT\n    at Process.ChildProcess._handle.onexit (node:internal/child_process:282:19)\n    at onErrorNT (node:internal/child_process:480:16)\n    at processTicksAndRejections (node:internal/process/task_queues:83:21)"
    }
  }
}